Unity Editor version:    2021.3.20f1 (577897200b8b)
Branch:                  2021.3/staging
Build type:              Release
Batch mode:              YES
macOS version:           Version 11.4 (Build 20F71)
Darwin version:          20.5.0
Architecture:            x86_64
Running under Rosetta:   NO
Available memory:        16384 MB
Using pre-set license
Pro License: YES

COMMAND LINE ARGUMENTS:
/Applications/Unity/Hub/Editor/2021.3.20f1/Unity.app/Contents/MacOS/Unity
-adb2
-batchMode
-noUpm
-name
AssetImportWorker0
-projectPath
/Users/jingtan/Dropbox (Tripledot)/My Mac (Jings-MacBook-Pro.local)/Documents/GitHub/AI-TA-Playground-Unity
-logFile
Logs/AssetImportWorker0.log
-srvPort
54671
Successfully changed project path to: /Users/jingtan/Dropbox (Tripledot)/My Mac (Jings-MacBook-Pro.local)/Documents/GitHub/AI-TA-Playground-Unity
/Users/jingtan/Dropbox (Tripledot)/My Mac (Jings-MacBook-Pro.local)/Documents/GitHub/AI-TA-Playground-Unity
[UnityMemory] Configuration Parameters - Can be set up in boot.config
    "memorysetup-bucket-allocator-granularity=16"
    "memorysetup-bucket-allocator-bucket-count=8"
    "memorysetup-bucket-allocator-block-size=33554432"
    "memorysetup-bucket-allocator-block-count=8"
    "memorysetup-main-allocator-block-size=16777216"
    "memorysetup-thread-allocator-block-size=16777216"
    "memorysetup-gfx-main-allocator-block-size=16777216"
    "memorysetup-gfx-thread-allocator-block-size=16777216"
    "memorysetup-cache-allocator-block-size=4194304"
    "memorysetup-typetree-allocator-block-size=2097152"
    "memorysetup-profiler-bucket-allocator-granularity=16"
    "memorysetup-profiler-bucket-allocator-bucket-count=8"
    "memorysetup-profiler-bucket-allocator-block-size=33554432"
    "memorysetup-profiler-bucket-allocator-block-count=8"
    "memorysetup-profiler-allocator-block-size=16777216"
    "memorysetup-profiler-editor-allocator-block-size=1048576"
    "memorysetup-temp-allocator-size-main=16777216"
    "memorysetup-job-temp-allocator-block-size=2097152"
    "memorysetup-job-temp-allocator-block-size-background=1048576"
    "memorysetup-job-temp-allocator-reduction-small-platforms=262144"
    "memorysetup-temp-allocator-size-background-worker=32768"
    "memorysetup-temp-allocator-size-job-worker=262144"
    "memorysetup-temp-allocator-size-preload-manager=33554432"
    "memorysetup-temp-allocator-size-nav-mesh-worker=65536"
    "memorysetup-temp-allocator-size-audio-worker=65536"
    "memorysetup-temp-allocator-size-cloud-worker=32768"
    "memorysetup-temp-allocator-size-gi-baking-worker=262144"
    "memorysetup-temp-allocator-size-gfx=262144"
Player connection [4860030464] Host "[IP] 192.168.1.218 [Port] 0 [Flags] 2 [Guid] 1519270682 [EditorId] 1519270682 [Version] 1048832 [Id] OSXEditor(0,Jings-MacBook-Pro) [Debug] 1 [PackageName] OSXEditor [ProjectName] Editor" joined multi-casting on [225.0.0.222:54997]...

Player connection [4860030464] Host "[IP] 192.168.1.218 [Port] 0 [Flags] 2 [Guid] 1519270682 [EditorId] 1519270682 [Version] 1048832 [Id] OSXEditor(0,Jings-MacBook-Pro) [Debug] 1 [PackageName] OSXEditor [ProjectName] Editor" joined alternative multi-casting on [225.0.0.222:34997]...

Refreshing native plugins compatible for Editor in 120.78 ms, found 2 plugins.
Preloading 0 native plugins for Editor in 0.00 ms.
Initialize engine version: 2021.3.20f1 (577897200b8b)
[Subsystems] Discovering subsystems at path /Applications/Unity/Hub/Editor/2021.3.20f1/Unity.app/Contents/Resources/UnitySubsystems
[Subsystems] Discovering subsystems at path /Users/jingtan/Dropbox (Tripledot)/My Mac (Jings-MacBook-Pro.local)/Documents/GitHub/AI-TA-Playground-Unity/Assets
GfxDevice: creating device client; threaded=0; jobified=0
Color LCD preferred device: AMD Radeon Pro 5500M (high power)
Metal devices available: 2
0: AMD Radeon Pro 5500M (high power)
1: Intel(R) UHD Graphics 630 (low power)
Using device AMD Radeon Pro 5500M (high power)
Initializing Metal device caps: AMD Radeon Pro 5500M
Initialize mono
Mono path[0] = '/Applications/Unity/Hub/Editor/2021.3.20f1/Unity.app/Contents/Managed'
Mono path[1] = '/Applications/Unity/Hub/Editor/2021.3.20f1/Unity.app/Contents/MonoBleedingEdge/lib/mono/unityjit-macos'
Mono config path = '/Applications/Unity/Hub/Editor/2021.3.20f1/Unity.app/Contents/MonoBleedingEdge/etc'
Using monoOptions --debugger-agent=transport=dt_socket,embedding=1,server=y,suspend=n,address=127.0.0.1:56812
Begin MonoManager ReloadAssembly
Registering precompiled unity dll's ...
Register platform support module: /Applications/Unity/Hub/Editor/2021.3.20f1/Unity.app/Contents/PlaybackEngines/MacStandaloneSupport/UnityEditor.OSXStandalone.Extensions.dll
Register platform support module: /Applications/Unity/Hub/Editor/2021.3.20f1/PlaybackEngines/AndroidPlayer/UnityEditor.Android.Extensions.dll
Register platform support module: /Applications/Unity/Hub/Editor/2021.3.20f1/PlaybackEngines/iOSSupport/UnityEditor.iOS.Extensions.dll
Registered in 0.005955 seconds.
[usbmuxd] Start listen thread
[usbmuxd] Listen thread started
[usbmuxd] Send listen message
Native extension for iOS target not found
Native extension for Android target not found
Android Extension - Scanning For ADB Devices 83 ms
Native extension for OSXStandalone target not found
Refreshing native plugins compatible for Editor in 87.71 ms, found 2 plugins.
Preloading 0 native plugins for Editor in 0.00 ms.
Mono: successfully reloaded assembly
- Completed reload, in  1.031 seconds
Domain Reload Profiling:
	ReloadAssembly (1031ms)
		BeginReloadAssembly (159ms)
			ExecutionOrderSort (0ms)
			DisableScriptedObjects (0ms)
			BackupInstance (0ms)
			ReleaseScriptingObjects (0ms)
			CreateAndSetChildDomain (1ms)
		EndReloadAssembly (744ms)
			LoadAssemblies (163ms)
			RebuildTransferFunctionScriptingTraits (0ms)
			SetupTypeCache (158ms)
			ReleaseScriptCaches (0ms)
			RebuildScriptCaches (39ms)
			SetupLoadedEditorAssemblies (485ms)
				LogAssemblyErrors (0ms)
				InitializePlatformSupportModulesInManaged (233ms)
				SetLoadedEditorAssemblies (0ms)
				RefreshPlugins (88ms)
				BeforeProcessingInitializeOnLoad (1ms)
				ProcessInitializeOnLoadAttributes (111ms)
				ProcessInitializeOnLoadMethodAttributes (51ms)
				AfterProcessingInitializeOnLoad (0ms)
				EditorAssembliesLoaded (0ms)
			ExecutionOrderSort2 (0ms)
			AwakeInstancesAfterBackupRestoration (0ms)
Platform modules already initialized, skipping
Registering precompiled user dll's ...
Registered in 0.015292 seconds.
Begin MonoManager ReloadAssembly
Symbol file LoadedFromMemory doesn't match image /Users/jingtan/Dropbox (Tripledot)/My Mac (Jings-MacBook-Pro.local)/Documents/GitHub/AI-TA-Playground-Unity/Library/PackageCache/com.unity.visualscripting@1.8.0/Editor/VisualScripting.Core/Dependencies/YamlDotNet/Unity.VisualScripting.YamlDotNet.dll
Symbol file LoadedFromMemory doesn't match image /Users/jingtan/Dropbox (Tripledot)/My Mac (Jings-MacBook-Pro.local)/Documents/GitHub/AI-TA-Playground-Unity/Library/PackageCache/com.unity.visualscripting@1.8.0/Editor/VisualScripting.Core/Dependencies/DotNetZip/Unity.VisualScripting.IonicZip.dll
Native extension for iOS target not found
Native extension for Android target not found
Native extension for OSXStandalone target not found
Refreshing native plugins compatible for Editor in 1.02 ms, found 2 plugins.
Preloading 0 native plugins for Editor in 0.00 ms.
Mono: successfully reloaded assembly
- Completed reload, in  1.842 seconds
Domain Reload Profiling:
	ReloadAssembly (1843ms)
		BeginReloadAssembly (191ms)
			ExecutionOrderSort (0ms)
			DisableScriptedObjects (8ms)
			BackupInstance (0ms)
			ReleaseScriptingObjects (0ms)
			CreateAndSetChildDomain (49ms)
		EndReloadAssembly (1511ms)
			LoadAssemblies (242ms)
			RebuildTransferFunctionScriptingTraits (0ms)
			SetupTypeCache (455ms)
			ReleaseScriptCaches (1ms)
			RebuildScriptCaches (92ms)
			SetupLoadedEditorAssemblies (656ms)
				LogAssemblyErrors (0ms)
				InitializePlatformSupportModulesInManaged (39ms)
				SetLoadedEditorAssemblies (1ms)
				RefreshPlugins (1ms)
				BeforeProcessingInitializeOnLoad (121ms)
				ProcessInitializeOnLoadAttributes (318ms)
				ProcessInitializeOnLoadMethodAttributes (173ms)
				AfterProcessingInitializeOnLoad (2ms)
				EditorAssembliesLoaded (0ms)
			ExecutionOrderSort2 (0ms)
			AwakeInstancesAfterBackupRestoration (6ms)
Platform modules already initialized, skipping
========================================================================
Worker process is ready to serve import requests
Launching external process: /Applications/Unity/Hub/Editor/2021.3.20f1/Unity.app/Contents/Tools/UnityShaderCompiler
Launched and connected shader compiler UnityShaderCompiler after 0.03 seconds
Refreshing native plugins compatible for Editor in 0.74 ms, found 2 plugins.
Preloading 0 native plugins for Editor in 0.00 ms.
Unloading 3878 Unused Serialized files (Serialized files now loaded: 0)
Unloading 45 unused Assets / (88.3 KB). Loaded Objects now: 4332.
Memory consumption went from 127.8 MB to 127.8 MB.
Total: 9.159454 ms (FindLiveObjects: 0.368561 ms CreateObjectMapping: 0.333407 ms MarkObjects: 8.190108 ms  DeleteObjects: 0.265328 ms)

AssetImportParameters requested are different than current active one (requested -> active):
  custom:video-decoder-ogg-theora: a1e56fd34408186e4bbccfd4996cb3dc -> 
  custom:container-muxer-webm: aa71ff27fc2769a1b78a27578f13a17b -> 
  custom:container-demuxer-webm: 4f35f7cbe854078d1ac9338744f61a02 -> 
  custom:video-encoder-webm-vp8: eb34c28f22e8b96e1ab97ce403110664 -> 
  custom:framework-osx-AVFoundation: e770b220cccbd017edd2c1fefb359320 -> 
  custom:audio-encoder-webm-vorbis: bf7c407c2cedff20999df2af8eb42d56 -> 
  custom:container-demuxer-ogg: 62fdf1f143b41e24485cea50d1cbac27 -> 
  custom:video-decoder-webm-vp8: 9c59270c3fd7afecdb556c50c9e8de78 -> 
  custom:audio-decoder-ogg-vorbis: bf7c407c2cedff20999df2af8eb42d56 -> 
========================================================================
Received Import Request.
  Time since last request: 27833.254686 seconds.
  path: Assets/Materials/Normal.mat
  artifactKey: Guid(6330a56c5c9b1465ca854bcb5318695b) Importer(815301076,1909f56bfc062723c751e8b465ee728b)
Start importing Assets/Materials/Normal.mat using Guid(6330a56c5c9b1465ca854bcb5318695b) Importer(815301076,1909f56bfc062723c751e8b465ee728b)  -> (artifact id: 'e6f7375d0d016e3d5401958b3163aa43') in 1.777748 seconds 
========================================================================
Received Import Request.
  Time since last request: 139.897039 seconds.
  path: Assets/Materials/Normal 1.mat
  artifactKey: Guid(4efa0ee186ecc4203a292e4eac2ca2ee) Importer(815301076,1909f56bfc062723c751e8b465ee728b)
Start importing Assets/Materials/Normal 1.mat using Guid(4efa0ee186ecc4203a292e4eac2ca2ee) Importer(815301076,1909f56bfc062723c751e8b465ee728b)  -> (artifact id: '7332c86ab0a9aaeb95212bb40acac9ae') in 0.022143 seconds 
========================================================================
Received Import Request.
  Time since last request: 2.562753 seconds.
  path: Assets/Materials/Depth.mat
  artifactKey: Guid(4efa0ee186ecc4203a292e4eac2ca2ee) Importer(815301076,1909f56bfc062723c751e8b465ee728b)
Start importing Assets/Materials/Depth.mat using Guid(4efa0ee186ecc4203a292e4eac2ca2ee) Importer(815301076,1909f56bfc062723c751e8b465ee728b)  -> (artifact id: 'f68d277177b9ab6ae08d6b4281a6eaf9') in 0.022220 seconds 
========================================================================
Received Import Request.
  Time since last request: 2.581969 seconds.
  path: Assets/Materials/DepthMap.mat
  artifactKey: Guid(4efa0ee186ecc4203a292e4eac2ca2ee) Importer(815301076,1909f56bfc062723c751e8b465ee728b)
Start importing Assets/Materials/DepthMap.mat using Guid(4efa0ee186ecc4203a292e4eac2ca2ee) Importer(815301076,1909f56bfc062723c751e8b465ee728b)  -> (artifact id: '4e016614ab441ed2b5476721207a9747') in 0.019996 seconds 
========================================================================
Received Import Request.
  Time since last request: 2.356922 seconds.
  path: Assets/Materials/NormalMap.mat
  artifactKey: Guid(6330a56c5c9b1465ca854bcb5318695b) Importer(815301076,1909f56bfc062723c751e8b465ee728b)
Start importing Assets/Materials/NormalMap.mat using Guid(6330a56c5c9b1465ca854bcb5318695b) Importer(815301076,1909f56bfc062723c751e8b465ee728b)  -> (artifact id: 'f463eef239f6bb64bbdd04bcc30949cf') in 0.030006 seconds 
========================================================================
Received Import Request.
  Time since last request: 1.779670 seconds.
  path: Assets/Shaders/Depth-Normal.shader
  artifactKey: Guid(26b0fcceecaf44fa4bd4266e4888808e) Importer(815301076,1909f56bfc062723c751e8b465ee728b)
Start importing Assets/Shaders/Depth-Normal.shader using Guid(26b0fcceecaf44fa4bd4266e4888808e) Importer(815301076,1909f56bfc062723c751e8b465ee728b)  -> (artifact id: 'b19c5c240ebc939ca69b39b364644b23') in 0.564249 seconds 
========================================================================
Received Import Request.
  Time since last request: 2.324212 seconds.
  path: Assets/Shaders/Depth-Normal 1.shader
  artifactKey: Guid(4b3565f2428514a26ad12ebb7c45ca94) Importer(815301076,1909f56bfc062723c751e8b465ee728b)
Start importing Assets/Shaders/Depth-Normal 1.shader using Guid(4b3565f2428514a26ad12ebb7c45ca94) Importer(815301076,1909f56bfc062723c751e8b465ee728b)  -> (artifact id: 'fab191e496561151e225cebc09ca51d6') in 0.014347 seconds 
========================================================================
Received Import Request.
  Time since last request: 5.304207 seconds.
  path: Assets/Shaders/Depth-Map.shader
  artifactKey: Guid(4b3565f2428514a26ad12ebb7c45ca94) Importer(815301076,1909f56bfc062723c751e8b465ee728b)
Start importing Assets/Shaders/Depth-Map.shader using Guid(4b3565f2428514a26ad12ebb7c45ca94) Importer(815301076,1909f56bfc062723c751e8b465ee728b)  -> (artifact id: 'e502a0266114804e7f24bc3ba0773a1b') in 0.004486 seconds 
========================================================================
Received Import Request.
  Time since last request: 6.580139 seconds.
  path: Assets/Shaders/Normal-Map.shader
  artifactKey: Guid(26b0fcceecaf44fa4bd4266e4888808e) Importer(815301076,1909f56bfc062723c751e8b465ee728b)
Start importing Assets/Shaders/Normal-Map.shader using Guid(26b0fcceecaf44fa4bd4266e4888808e) Importer(815301076,1909f56bfc062723c751e8b465ee728b)  -> (artifact id: '5752d86e2b2780fc48afd39980614148') in 0.002631 seconds 
========================================================================
Received Import Request.
  Time since last request: 15.693019 seconds.
  path: Assets/Shaders/Depth-Map.shader
  artifactKey: Guid(4b3565f2428514a26ad12ebb7c45ca94) Importer(815301076,1909f56bfc062723c751e8b465ee728b)
Start importing Assets/Shaders/Depth-Map.shader using Guid(4b3565f2428514a26ad12ebb7c45ca94) Importer(815301076,1909f56bfc062723c751e8b465ee728b)  -> (artifact id: '6ba7d7dfd4d827d1f96f3141e6ca61b3') in 0.003186 seconds 
========================================================================
Received Import Request.
  Time since last request: 5.991762 seconds.
  path: Assets/Materials/DepthMap.mat
  artifactKey: Guid(4efa0ee186ecc4203a292e4eac2ca2ee) Importer(815301076,1909f56bfc062723c751e8b465ee728b)
Start importing Assets/Materials/DepthMap.mat using Guid(4efa0ee186ecc4203a292e4eac2ca2ee) Importer(815301076,1909f56bfc062723c751e8b465ee728b)  -> (artifact id: '2600c0d50e52ae9efd906f3f8add6774') in 0.017610 seconds 
========================================================================
Received Import Request.
  Time since last request: 497.501755 seconds.
  path: Assets/Shaders/Parallax-Sprites-Diffuse.shader
  artifactKey: Guid(b51921e8e059e499a845cfa619db6a69) Importer(815301076,1909f56bfc062723c751e8b465ee728b)
Start importing Assets/Shaders/Parallax-Sprites-Diffuse.shader using Guid(b51921e8e059e499a845cfa619db6a69) Importer(815301076,1909f56bfc062723c751e8b465ee728b)  -> (artifact id: 'e76a4d011c7fe91ba37e92d135bd77ee') in 0.028031 seconds 
========================================================================
Received Import Request.
  Time since last request: 19.778505 seconds.
  path: Assets/Shaders/Parallax-Sprites-Diffuse.shader
  artifactKey: Guid(b51921e8e059e499a845cfa619db6a69) Importer(815301076,1909f56bfc062723c751e8b465ee728b)
Start importing Assets/Shaders/Parallax-Sprites-Diffuse.shader using Guid(b51921e8e059e499a845cfa619db6a69) Importer(815301076,1909f56bfc062723c751e8b465ee728b)  -> (artifact id: '814f4e48a4268a7ff547a9b283f3999f') in 0.003970 seconds 
========================================================================
Received Import Request.
  Time since last request: 124.733056 seconds.
  path: Assets/Animations
  artifactKey: Guid(687a4a1fcc0ea49dda52296c77f9e8af) Importer(815301076,1909f56bfc062723c751e8b465ee728b)
Start importing Assets/Animations using Guid(687a4a1fcc0ea49dda52296c77f9e8af) Importer(815301076,1909f56bfc062723c751e8b465ee728b)  -> (artifact id: 'b625f4b4bcce650ea8d522f7169b39b2') in 0.003468 seconds 
========================================================================
Received Import Request.
  Time since last request: 15.664681 seconds.
  path: Assets/Animations/DepthMapJing.controller
  artifactKey: Guid(8f0ede91d33364e039070ebc7c9e978a) Importer(815301076,1909f56bfc062723c751e8b465ee728b)
Start importing Assets/Animations/DepthMapJing.controller using Guid(8f0ede91d33364e039070ebc7c9e978a) Importer(815301076,1909f56bfc062723c751e8b465ee728b)  -> (artifact id: '39996b4501a7672f6cecb2a724d00785') in 0.446167 seconds 
========================================================================
Received Import Request.
  Time since last request: 31.499230 seconds.
  path: Assets/Animations/DepthMapJingWoobble.anim
  artifactKey: Guid(b89cee4e18bc6428881ae2a65b28ce81) Importer(815301076,1909f56bfc062723c751e8b465ee728b)
Start importing Assets/Animations/DepthMapJingWoobble.anim using Guid(b89cee4e18bc6428881ae2a65b28ce81) Importer(815301076,1909f56bfc062723c751e8b465ee728b)  -> (artifact id: '9a8959622f81d3d708121838e8569c77') in 0.178673 seconds 
========================================================================
Received Import Request.
  Time since last request: 4.602406 seconds.
  path: Assets/Animations/DepthMapJingWobble.anim
  artifactKey: Guid(b89cee4e18bc6428881ae2a65b28ce81) Importer(815301076,1909f56bfc062723c751e8b465ee728b)
Start importing Assets/Animations/DepthMapJingWobble.anim using Guid(b89cee4e18bc6428881ae2a65b28ce81) Importer(815301076,1909f56bfc062723c751e8b465ee728b)  -> (artifact id: '05bb0f942114afa19507866687a16e6a') in 0.003806 seconds 
========================================================================
Received Import Request.
  Time since last request: 202.769797 seconds.
  path: Assets/Materials/NormalMap.mat
  artifactKey: Guid(6330a56c5c9b1465ca854bcb5318695b) Importer(815301076,1909f56bfc062723c751e8b465ee728b)
Start importing Assets/Materials/NormalMap.mat using Guid(6330a56c5c9b1465ca854bcb5318695b) Importer(815301076,1909f56bfc062723c751e8b465ee728b)  -> (artifact id: '65da4f46eaf8b34027a99feec71673e8') in 0.045002 seconds 
========================================================================
Received Import Request.
  Time since last request: 205.268415 seconds.
  path: Assets/AIArt/AvivOr_TDS_Illustrations/profileArt.png
  artifactKey: Guid(d82300cb9af1c4e20840e1fed82e8732) Importer(815301076,1909f56bfc062723c751e8b465ee728b)
Start importing Assets/AIArt/AvivOr_TDS_Illustrations/profileArt.png using Guid(d82300cb9af1c4e20840e1fed82e8732) Importer(815301076,1909f56bfc062723c751e8b465ee728b)  -> (artifact id: 'be93a97237c0ff9d0ee9b76347073541') in 1.273761 seconds 
========================================================================
Received Import Request.
  Time since last request: 23.729488 seconds.
  path: Assets/Animations/DepthMapJing.controller
  artifactKey: Guid(8f0ede91d33364e039070ebc7c9e978a) Importer(815301076,1909f56bfc062723c751e8b465ee728b)
Start importing Assets/Animations/DepthMapJing.controller using Guid(8f0ede91d33364e039070ebc7c9e978a) Importer(815301076,1909f56bfc062723c751e8b465ee728b)  -> (artifact id: '37c39055d60385120a2ad2568dab1014') in 0.005865 seconds 
